<?xml version="1.0" encoding="UTF-8"?>
<!-- Generated by org.testng.reporters.JUnitReportReporter -->
<testsuite skipped="0" hostname="HBITS-ASHWINI" name="com.w2a.testcases.LoginTest" tests="1" failures="0" timestamp="14 Oct 2019 09:32:05 GMT" time="3.692" errors="0">
  <testcase name="loginAsBankManager" time="3.692" classname="com.w2a.testcases.LoginTest"/>
</testsuite> <!-- com.w2a.testcases.LoginTest -->
